 
[uWSGI] getting INI configuration from development.ini
*** Starting uWSGI 0.9.8.4 (64bit) on [Thu Sep  8 11:17:09 2011] ***
compiled with version: 4.5.2 on 19 August 2011 12:16:25
writing pidfile to uwsgi.pid
your memory page size is 4096 bytes
uwsgi socket 0 bound to TCP address 127.0.0.1:5000 fd 4
Python version: 2.7.1+ (r271:86832, Apr 11 2011, 18:37:12)  [GCC 4.5.2]
Set PythonHome to /home/wegrata/virtualenv/lr/
Python main interpreter initialized at 0x19bf550
your server socket listen backlog is limited to 100 connections
*** Operational MODE: single process ***
Loading paste environment: config:/home/wegrata/src/LearningRegistry/LR/development.ini
WSGI application 0 (SCRIPT_NAME=) ready on interpreter 0x19bf550 pid: 3118 (default app)
*** uWSGI is running in multiple interpreter mode ***
spawned uWSGI master process (pid: 3118)
spawned uWSGI worker 1 (pid: 3124, cores: 1)
Error - <type 'exceptions.SyntaxError'>: 'return' with argument inside generator (harvest.py, line 162)
URL: http://localhost//harvest/listrecords?until=2011-07-05T18:37:43.383011Z&from=2013-07-05T18:37:40.383011Z
File '/home/wegrata/virtualenv/lr/local/lib/python2.7/site-packages/weberror/errormiddleware.py', line 162 in __call__
  app_iter = self.application(environ, sr_checker)
File '/home/wegrata/virtualenv/lr/local/lib/python2.7/site-packages/beaker/middleware.py', line 152 in __call__
  return self.wrap_app(environ, session_start_response)
File '/home/wegrata/virtualenv/lr/local/lib/python2.7/site-packages/routes/middleware.py', line 131 in __call__
  response = self.app(environ, start_response)
File '/home/wegrata/virtualenv/lr/local/lib/python2.7/site-packages/pylons/wsgiapp.py', line 106 in __call__
  controller = self.resolve(environ, start_response)
File '/home/wegrata/virtualenv/lr/local/lib/python2.7/site-packages/pylons/wsgiapp.py', line 239 in resolve
  return self.find_controller(controller)
File '/home/wegrata/virtualenv/lr/local/lib/python2.7/site-packages/pylons/wsgiapp.py', line 272 in find_controller
  __import__(full_module_name)
SyntaxError: 'return' with argument inside generator (harvest.py, line 162)


CGI Variables
-------------
  CONTENT_TYPE: '; charset="utf-8"'
  DOCUMENT_ROOT: '/usr/local/nginx/html'
  HTTP_ACCEPT: '*/*'
  HTTP_HOST: 'localhost'
  HTTP_USER_AGENT: 'curl/7.21.3 (x86_64-pc-linux-gnu) libcurl/7.21.3 OpenSSL/0.9.8o zlib/1.2.3.4 libidn/1.18'
  PATH_INFO: '/harvest/listrecords'
  QUERY_STRING: 'until=2011-07-05T18:37:43.383011Z&from=2013-07-05T18:37:40.383011Z'
  REMOTE_ADDR: '127.0.0.1'
  REMOTE_PORT: '54636'
  REQUEST_METHOD: 'GET'
  REQUEST_URI: '/harvest/listrecords?until=2011-07-05T18:37:43.383011Z&from=2013-07-05T18:37:40.383011Z'
  SCRIPT_NAME: '/'
  SERVER_NAME: 'localhost'
  SERVER_PORT: '80'
  SERVER_PROTOCOL: 'HTTP/1.1'


WSGI Variables
--------------
  application: <beaker.middleware.SessionMiddleware object at 0x26abbd0>
  beaker.get_session: <bound method SessionMiddleware._get_session of <beaker.middleware.SessionMiddleware object at 0x26abbd0>>
  beaker.session: Cannot display: type object got multiple values for keyword argument 'use_cookies'
  paste.parsed_querystring: ([('until', '2011-07-05T18:37:43.383011Z'), ('from', '2013-07-05T18:37:40.383011Z')], 'until=2011-07-05T18:37:43.383011Z&from=2013-07-05T18:37:40.383011Z')
  paste.registry: <paste.registry.Registry object at 0x7f638de0ba10>
  paste.throw_errors: True
  pylons.environ_config: {'session': 'beaker.session', 'cache': 'beaker.cache'}
  pylons.pylons: <pylons.util.PylonsContext object at 0x26c03d0>
  pylons.routes_dict: {'action': u'show', 'controller': u'harvest', 'id': u'listrecords'}
  routes.route: <routes.route.Route object at 0x269e2d0>
  routes.url: <routes.util.URLGenerator object at 0x26c02d0>
  uwsgi.node: 'ubuntu'
  uwsgi.version: '0.9.8.4'
  webob.adhoc_attrs: {'language': 'en-us'}
  wsgi process: 'Non-concurrent server'
  wsgi.file_wrapper: <built-in function uwsgi_sendfile>
  wsgiorg.routing_args: (<routes.util.URLGenerator object at 0x26c02d0>, {'action': u'show', 'controller': u'harvest', 'id': u'listrecords'})
------------------------------------------------------------
[pid: 3124|app: 0|req: 1/1] 127.0.0.1 () {32 vars in 585 bytes} [Thu Sep  8 11:17:21 2011] GET /harvest/listrecords?until=2011-07-05T18:37:43.383011Z&from=2013-07-05T18:37:40.383011Z => generated 815 bytes in 282 msecs (HTTP/1.1 500) 4 headers in 148 bytes (1 switches on core 0)
[uWSGI] getting INI configuration from development.ini
*** Starting uWSGI 0.9.8.4 (64bit) on [Thu Sep  8 11:18:37 2011] ***
compiled with version: 4.5.2 on 19 August 2011 12:16:25
writing pidfile to uwsgi.pid
your memory page size is 4096 bytes
uwsgi socket 0 bound to TCP address 127.0.0.1:5000 fd 4
Python version: 2.7.1+ (r271:86832, Apr 11 2011, 18:37:12)  [GCC 4.5.2]
Set PythonHome to /home/wegrata/virtualenv/lr/
Python main interpreter initialized at 0x10fc550
your server socket listen backlog is limited to 100 connections
*** Operational MODE: single process ***
Loading paste environment: config:/home/wegrata/src/LearningRegistry/LR/development.ini
WSGI application 0 (SCRIPT_NAME=) ready on interpreter 0x10fc550 pid: 3205 (default app)
*** uWSGI is running in multiple interpreter mode ***
spawned uWSGI master process (pid: 3205)
spawned uWSGI worker 1 (pid: 3211, cores: 1)
Error - <type 'exceptions.SyntaxError'>: 'return' with argument inside generator (harvest.py, line 199)
URL: http://localhost//harvest/listrecords?until=2011-07-05T18:37:43.383011Z&from=2013-07-05T18:37:40.383011Z
File '/home/wegrata/virtualenv/lr/local/lib/python2.7/site-packages/weberror/errormiddleware.py', line 162 in __call__
  app_iter = self.application(environ, sr_checker)
File '/home/wegrata/virtualenv/lr/local/lib/python2.7/site-packages/beaker/middleware.py', line 152 in __call__
  return self.wrap_app(environ, session_start_response)
File '/home/wegrata/virtualenv/lr/local/lib/python2.7/site-packages/routes/middleware.py', line 131 in __call__
  response = self.app(environ, start_response)
File '/home/wegrata/virtualenv/lr/local/lib/python2.7/site-packages/pylons/wsgiapp.py', line 106 in __call__
  controller = self.resolve(environ, start_response)
File '/home/wegrata/virtualenv/lr/local/lib/python2.7/site-packages/pylons/wsgiapp.py', line 239 in resolve
  return self.find_controller(controller)
File '/home/wegrata/virtualenv/lr/local/lib/python2.7/site-packages/pylons/wsgiapp.py', line 272 in find_controller
  __import__(full_module_name)
SyntaxError: 'return' with argument inside generator (harvest.py, line 199)


CGI Variables
-------------
  CONTENT_TYPE: '; charset="utf-8"'
  DOCUMENT_ROOT: '/usr/local/nginx/html'
  HTTP_ACCEPT: '*/*'
  HTTP_HOST: 'localhost'
  HTTP_USER_AGENT: 'curl/7.21.3 (x86_64-pc-linux-gnu) libcurl/7.21.3 OpenSSL/0.9.8o zlib/1.2.3.4 libidn/1.18'
  PATH_INFO: '/harvest/listrecords'
  QUERY_STRING: 'until=2011-07-05T18:37:43.383011Z&from=2013-07-05T18:37:40.383011Z'
  REMOTE_ADDR: '127.0.0.1'
  REMOTE_PORT: '49932'
  REQUEST_METHOD: 'GET'
  REQUEST_URI: '/harvest/listrecords?until=2011-07-05T18:37:43.383011Z&from=2013-07-05T18:37:40.383011Z'
  SCRIPT_NAME: '/'
  SERVER_NAME: 'localhost'
  SERVER_PORT: '80'
  SERVER_PROTOCOL: 'HTTP/1.1'


WSGI Variables
--------------
  application: <beaker.middleware.SessionMiddleware object at 0x1de7bd0>
  beaker.get_session: <bound method SessionMiddleware._get_session of <beaker.middleware.SessionMiddleware object at 0x1de7bd0>>
  beaker.session: Cannot display: type object got multiple values for keyword argument 'use_cookies'
  paste.parsed_querystring: ([('until', '2011-07-05T18:37:43.383011Z'), ('from', '2013-07-05T18:37:40.383011Z')], 'until=2011-07-05T18:37:43.383011Z&from=2013-07-05T18:37:40.383011Z')
  paste.registry: <paste.registry.Registry object at 0x7fa6067f9a10>
  paste.throw_errors: True
  pylons.environ_config: {'session': 'beaker.session', 'cache': 'beaker.cache'}
  pylons.pylons: <pylons.util.PylonsContext object at 0x1dfc3d0>
  pylons.routes_dict: {'action': u'show', 'controller': u'harvest', 'id': u'listrecords'}
  routes.route: <routes.route.Route object at 0x1dda2d0>
  routes.url: <routes.util.URLGenerator object at 0x1dfc2d0>
  uwsgi.node: 'ubuntu'
  uwsgi.version: '0.9.8.4'
  webob.adhoc_attrs: {'language': 'en-us'}
  wsgi process: 'Non-concurrent server'
  wsgi.file_wrapper: <built-in function uwsgi_sendfile>
  wsgiorg.routing_args: (<routes.util.URLGenerator object at 0x1dfc2d0>, {'action': u'show', 'controller': u'harvest', 'id': u'listrecords'})
------------------------------------------------------------
[pid: 3211|app: 0|req: 1/1] 127.0.0.1 () {32 vars in 585 bytes} [Thu Sep  8 11:18:40 2011] GET /harvest/listrecords?until=2011-07-05T18:37:43.383011Z&from=2013-07-05T18:37:40.383011Z => generated 815 bytes in 110 msecs (HTTP/1.1 500) 4 headers in 148 bytes (1 switches on core 0)
[uWSGI] getting INI configuration from development.ini
*** Starting uWSGI 0.9.8.4 (64bit) on [Thu Sep  8 11:19:13 2011] ***
compiled with version: 4.5.2 on 19 August 2011 12:16:25
writing pidfile to uwsgi.pid
your memory page size is 4096 bytes
uwsgi socket 0 bound to TCP address 127.0.0.1:5000 fd 4
Python version: 2.7.1+ (r271:86832, Apr 11 2011, 18:37:12)  [GCC 4.5.2]
Set PythonHome to /home/wegrata/virtualenv/lr/
Python main interpreter initialized at 0x19fb550
your server socket listen backlog is limited to 100 connections
*** Operational MODE: single process ***
Loading paste environment: config:/home/wegrata/src/LearningRegistry/LR/development.ini
WSGI application 0 (SCRIPT_NAME=) ready on interpreter 0x19fb550 pid: 3220 (default app)
*** uWSGI is running in multiple interpreter mode ***
spawned uWSGI master process (pid: 3220)
spawned uWSGI worker 1 (pid: 3226, cores: 1)
[pid: 3226|app: 0|req: 1/1] 127.0.0.1 () {32 vars in 585 bytes} [Thu Sep  8 11:19:21 2011] GET /harvest/listrecords?until=2011-07-05T18:37:43.383011Z&from=2013-07-05T18:37:40.383011Z => generated 238 bytes in 256 msecs (HTTP/1.1 200) 3 headers in 108 bytes (1 switches on core 0)
[uWSGI] getting INI configuration from development.ini
*** Starting uWSGI 0.9.8.4 (64bit) on [Thu Sep  8 11:20:16 2011] ***
compiled with version: 4.5.2 on 19 August 2011 12:16:25
writing pidfile to uwsgi.pid
your memory page size is 4096 bytes
uwsgi socket 0 bound to TCP address 127.0.0.1:5000 fd 4
Python version: 2.7.1+ (r271:86832, Apr 11 2011, 18:37:12)  [GCC 4.5.2]
Set PythonHome to /home/wegrata/virtualenv/lr/
Python main interpreter initialized at 0x22a8550
your server socket listen backlog is limited to 100 connections
*** Operational MODE: single process ***
Loading paste environment: config:/home/wegrata/src/LearningRegistry/LR/development.ini
WSGI application 0 (SCRIPT_NAME=) ready on interpreter 0x22a8550 pid: 3238 (default app)
*** uWSGI is running in multiple interpreter mode ***
spawned uWSGI master process (pid: 3238)
spawned uWSGI worker 1 (pid: 3244, cores: 1)
Error - <type 'exceptions.SyntaxError'>: 'return' with argument inside generator (harvest.py, line 162)
URL: http://localhost//harvest/listrecords?until=2011-07-05T18:37:43.383011Z&from=2013-07-05T18:37:40.383011Z
File '/home/wegrata/virtualenv/lr/local/lib/python2.7/site-packages/weberror/errormiddleware.py', line 162 in __call__
  app_iter = self.application(environ, sr_checker)
File '/home/wegrata/virtualenv/lr/local/lib/python2.7/site-packages/beaker/middleware.py', line 152 in __call__
  return self.wrap_app(environ, session_start_response)
File '/home/wegrata/virtualenv/lr/local/lib/python2.7/site-packages/routes/middleware.py', line 131 in __call__
  response = self.app(environ, start_response)
File '/home/wegrata/virtualenv/lr/local/lib/python2.7/site-packages/pylons/wsgiapp.py', line 106 in __call__
  controller = self.resolve(environ, start_response)
File '/home/wegrata/virtualenv/lr/local/lib/python2.7/site-packages/pylons/wsgiapp.py', line 239 in resolve
  return self.find_controller(controller)
File '/home/wegrata/virtualenv/lr/local/lib/python2.7/site-packages/pylons/wsgiapp.py', line 272 in find_controller
  __import__(full_module_name)
SyntaxError: 'return' with argument inside generator (harvest.py, line 162)


CGI Variables
-------------
  CONTENT_TYPE: '; charset="utf-8"'
  DOCUMENT_ROOT: '/usr/local/nginx/html'
  HTTP_ACCEPT: '*/*'
  HTTP_HOST: 'localhost'
  HTTP_USER_AGENT: 'curl/7.21.3 (x86_64-pc-linux-gnu) libcurl/7.21.3 OpenSSL/0.9.8o zlib/1.2.3.4 libidn/1.18'
  PATH_INFO: '/harvest/listrecords'
  QUERY_STRING: 'until=2011-07-05T18:37:43.383011Z&from=2013-07-05T18:37:40.383011Z'
  REMOTE_ADDR: '127.0.0.1'
  REMOTE_PORT: '49949'
  REQUEST_METHOD: 'GET'
  REQUEST_URI: '/harvest/listrecords?until=2011-07-05T18:37:43.383011Z&from=2013-07-05T18:37:40.383011Z'
  SCRIPT_NAME: '/'
  SERVER_NAME: 'localhost'
  SERVER_PORT: '80'
  SERVER_PROTOCOL: 'HTTP/1.1'


WSGI Variables
--------------
  application: <beaker.middleware.SessionMiddleware object at 0x2f94bd0>
  beaker.get_session: <bound method SessionMiddleware._get_session of <beaker.middleware.SessionMiddleware object at 0x2f94bd0>>
  beaker.session: Cannot display: type object got multiple values for keyword argument 'use_cookies'
  paste.parsed_querystring: ([('until', '2011-07-05T18:37:43.383011Z'), ('from', '2013-07-05T18:37:40.383011Z')], 'until=2011-07-05T18:37:43.383011Z&from=2013-07-05T18:37:40.383011Z')
  paste.registry: <paste.registry.Registry object at 0x7fcf1af11a10>
  paste.throw_errors: True
  pylons.environ_config: {'session': 'beaker.session', 'cache': 'beaker.cache'}
  pylons.pylons: <pylons.util.PylonsContext object at 0x2fa93d0>
  pylons.routes_dict: {'action': u'show', 'controller': u'harvest', 'id': u'listrecords'}
  routes.route: <routes.route.Route object at 0x2f872d0>
  routes.url: <routes.util.URLGenerator object at 0x2fa92d0>
  uwsgi.node: 'ubuntu'
  uwsgi.version: '0.9.8.4'
  webob.adhoc_attrs: {'language': 'en-us'}
  wsgi process: 'Non-concurrent server'
  wsgi.file_wrapper: <built-in function uwsgi_sendfile>
  wsgiorg.routing_args: (<routes.util.URLGenerator object at 0x2fa92d0>, {'action': u'show', 'controller': u'harvest', 'id': u'listrecords'})
------------------------------------------------------------
[pid: 3244|app: 0|req: 1/1] 127.0.0.1 () {32 vars in 585 bytes} [Thu Sep  8 11:20:19 2011] GET /harvest/listrecords?until=2011-07-05T18:37:43.383011Z&from=2013-07-05T18:37:40.383011Z => generated 815 bytes in 114 msecs (HTTP/1.1 500) 4 headers in 148 bytes (1 switches on core 0)
[uWSGI] getting INI configuration from development.ini
*** Starting uWSGI 0.9.8.4 (64bit) on [Thu Sep  8 11:20:52 2011] ***
compiled with version: 4.5.2 on 19 August 2011 12:16:25
writing pidfile to uwsgi.pid
your memory page size is 4096 bytes
uwsgi socket 0 bound to TCP address 127.0.0.1:5000 fd 4
Python version: 2.7.1+ (r271:86832, Apr 11 2011, 18:37:12)  [GCC 4.5.2]
Set PythonHome to /home/wegrata/virtualenv/lr/
Python main interpreter initialized at 0x212d550
your server socket listen backlog is limited to 100 connections
*** Operational MODE: single process ***
Loading paste environment: config:/home/wegrata/src/LearningRegistry/LR/development.ini
WSGI application 0 (SCRIPT_NAME=) ready on interpreter 0x212d550 pid: 3253 (default app)
*** uWSGI is running in multiple interpreter mode ***
spawned uWSGI master process (pid: 3253)
spawned uWSGI worker 1 (pid: 3260, cores: 1)
[pid: 3260|app: 0|req: 1/1] 127.0.0.1 () {32 vars in 585 bytes} [Thu Sep  8 11:20:54 2011] GET /harvest/listrecords?until=2011-07-05T18:37:43.383011Z&from=2013-07-05T18:37:40.383011Z => generated 238 bytes in 186 msecs (HTTP/1.1 200) 3 headers in 108 bytes (1 switches on core 0)
[pid: 3260|app: 0|req: 2/2] 127.0.0.1 () {32 vars in 585 bytes} [Thu Sep  8 11:21:09 2011] GET /harvest/listrecords?until=2011-07-05T18:37:43.383011Z&from=2010-07-05T18:37:40.383011Z => generated 226 bytes in 473 msecs (HTTP/1.1 200) 3 headers in 108 bytes (2 switches on core 0)
[pid: 3260|app: 0|req: 3/3] 127.0.0.1 () {32 vars in 585 bytes} [Thu Sep  8 11:21:56 2011] GET /harvest/listrecords?until=2011-08-30T22:12:57.772815Z&from=2010-08-30T22:12:57.772815Z => generated 1713907 bytes in 3633 msecs (HTTP/1.1 200) 3 headers in 108 bytes (201 switches on core 0)
[pid: 3260|app: 0|req: 4/4] 127.0.0.1 () {32 vars in 593 bytes} [Thu Sep  8 11:22:12 2011] GET /harvest/listidentifiers?until=2011-08-30T22:12:57.772815Z&from=2010-08-30T22:12:57.772815Z => generated 641 bytes in 56 msecs (HTTP/1.1 200) 3 headers in 108 bytes (3 switches on core 0)
[pid: 3260|app: 0|req: 5/5] 127.0.0.1 () {32 vars in 593 bytes} [Thu Sep  8 11:22:18 2011] GET /harvest/listidentifiers?until=2011-08-30T22:12:57.772815Z&from=2010-08-30T22:12:57.772815Z => generated 641 bytes in 60 msecs (HTTP/1.1 200) 3 headers in 108 bytes (3 switches on core 0)
[pid: 3260|app: 0|req: 6/6] 127.0.0.1 () {32 vars in 593 bytes} [Thu Sep  8 11:22:22 2011] GET /harvest/listidentifiers?until=2011-08-30T22:12:57.772815Z&from=2010-08-30T22:12:57.772815Z => generated 641 bytes in 51 msecs (HTTP/1.1 200) 3 headers in 108 bytes (3 switches on core 0)
[pid: 3260|app: 0|req: 7/7] 127.0.0.1 () {32 vars in 593 bytes} [Thu Sep  8 11:22:41 2011] GET /harvest/listidentifiers?until=2012-08-30T22:12:57.772815Z&from=2010-08-30T22:12:57.772815Z => generated 641 bytes in 49 msecs (HTTP/1.1 200) 3 headers in 108 bytes (3 switches on core 0)
[pid: 3260|app: 0|req: 8/8] 127.0.0.1 () {32 vars in 525 bytes} [Thu Sep  8 11:22:49 2011] GET /harvest/listidentifiers?from=2010-08-30T22:12:57.772815Z => generated 601 bytes in 35 msecs (HTTP/1.1 200) 3 headers in 108 bytes (3 switches on core 0)
[pid: 3260|app: 0|req: 9/9] 127.0.0.1 () {32 vars in 460 bytes} [Thu Sep  8 11:22:54 2011] GET /harvest/listidentifiers => generated 562 bytes in 49 msecs (HTTP/1.1 200) 3 headers in 108 bytes (3 switches on core 0)
[pid: 3260|app: 0|req: 10/10] 127.0.0.1 () {32 vars in 460 bytes} [Thu Sep  8 11:22:57 2011] GET /harvest/listidentifiers => generated 562 bytes in 42 msecs (HTTP/1.1 200) 3 headers in 108 bytes (3 switches on core 0)
[pid: 3260|app: 0|req: 11/11] 127.0.0.1 () {32 vars in 452 bytes} [Thu Sep  8 11:23:08 2011] GET /harvest/listrecords => generated 1713828 bytes in 1711 msecs (HTTP/1.1 200) 3 headers in 108 bytes (201 switches on core 0)
[pid: 3260|app: 0|req: 12/12] 127.0.0.1 () {32 vars in 460 bytes} [Thu Sep  8 11:23:54 2011] GET /harvest/listidentifiers => generated 562 bytes in 33 msecs (HTTP/1.1 200) 3 headers in 108 bytes (3 switches on core 0)
[uWSGI] getting INI configuration from development.ini
*** Starting uWSGI 0.9.8.4 (64bit) on [Thu Sep  8 11:24:18 2011] ***
compiled with version: 4.5.2 on 19 August 2011 12:16:25
writing pidfile to uwsgi.pid
your memory page size is 4096 bytes
uwsgi socket 0 bound to TCP address 127.0.0.1:5000 fd 4
Python version: 2.7.1+ (r271:86832, Apr 11 2011, 18:37:12)  [GCC 4.5.2]
Set PythonHome to /home/wegrata/virtualenv/lr/
Python main interpreter initialized at 0x9c8550
your server socket listen backlog is limited to 100 connections
*** Operational MODE: single process ***
Loading paste environment: config:/home/wegrata/src/LearningRegistry/LR/development.ini
WSGI application 0 (SCRIPT_NAME=) ready on interpreter 0x9c8550 pid: 3291 (default app)
*** uWSGI is running in multiple interpreter mode ***
spawned uWSGI master process (pid: 3291)
spawned uWSGI worker 1 (pid: 3297, cores: 1)
[pid: 3297|app: 0|req: 1/1] 127.0.0.1 () {32 vars in 460 bytes} [Thu Sep  8 11:24:22 2011] GET /harvest/listidentifiers => generated 562 bytes in 207 msecs (HTTP/1.1 200) 3 headers in 108 bytes (3 switches on core 0)
[uWSGI] getting INI configuration from development.ini
*** Starting uWSGI 0.9.8.4 (64bit) on [Thu Sep  8 11:24:54 2011] ***
compiled with version: 4.5.2 on 19 August 2011 12:16:25
writing pidfile to uwsgi.pid
your memory page size is 4096 bytes
probably another instance of uWSGI is running on the same address.
bind(): Address already in use [socket.c line 548]
[uWSGI] getting INI configuration from development.ini
*** Starting uWSGI 0.9.8.4 (64bit) on [Thu Sep  8 11:25:21 2011] ***
compiled with version: 4.5.2 on 19 August 2011 12:16:25
writing pidfile to uwsgi.pid
your memory page size is 4096 bytes
uwsgi socket 0 bound to TCP address 127.0.0.1:5000 fd 4
Python version: 2.7.1+ (r271:86832, Apr 11 2011, 18:37:12)  [GCC 4.5.2]
Set PythonHome to /home/wegrata/virtualenv/lr/
Python main interpreter initialized at 0x1310550
your server socket listen backlog is limited to 100 connections
*** Operational MODE: single process ***
Loading paste environment: config:/home/wegrata/src/LearningRegistry/LR/development.ini
WSGI application 0 (SCRIPT_NAME=) ready on interpreter 0x1310550 pid: 3316 (default app)
*** uWSGI is running in multiple interpreter mode ***
spawned uWSGI master process (pid: 3316)
spawned uWSGI worker 1 (pid: 3322, cores: 1)
[pid: 3322|app: 0|req: 1/1] 127.0.0.1 () {32 vars in 460 bytes} [Thu Sep  8 11:25:27 2011] GET /harvest/listidentifiers => generated 562 bytes in 226 msecs (HTTP/1.1 200) 3 headers in 108 bytes (3 switches on core 0)
[uWSGI] getting INI configuration from development.ini
*** Starting uWSGI 0.9.8.4 (64bit) on [Thu Sep  8 11:25:47 2011] ***
compiled with version: 4.5.2 on 19 August 2011 12:16:25
writing pidfile to uwsgi.pid
your memory page size is 4096 bytes
probably another instance of uWSGI is running on the same address.
bind(): Address already in use [socket.c line 548]
[uWSGI] getting INI configuration from development.ini
*** Starting uWSGI 0.9.8.4 (64bit) on [Thu Sep  8 11:25:53 2011] ***
compiled with version: 4.5.2 on 19 August 2011 12:16:25
writing pidfile to uwsgi.pid
your memory page size is 4096 bytes
uwsgi socket 0 bound to TCP address 127.0.0.1:5000 fd 4
Python version: 2.7.1+ (r271:86832, Apr 11 2011, 18:37:12)  [GCC 4.5.2]
Set PythonHome to /home/wegrata/virtualenv/lr/
Python main interpreter initialized at 0x1cb9550
your server socket listen backlog is limited to 100 connections
*** Operational MODE: single process ***
Loading paste environment: config:/home/wegrata/src/LearningRegistry/LR/development.ini
WSGI application 0 (SCRIPT_NAME=) ready on interpreter 0x1cb9550 pid: 3335 (default app)
*** uWSGI is running in multiple interpreter mode ***
spawned uWSGI master process (pid: 3335)
spawned uWSGI worker 1 (pid: 3341, cores: 1)
[pid: 3341|app: 0|req: 1/1] 127.0.0.1 () {32 vars in 460 bytes} [Thu Sep  8 11:26:08 2011] GET /harvest/listidentifiers => generated 562 bytes in 456 msecs (HTTP/1.1 200) 3 headers in 108 bytes (3 switches on core 0)
[uWSGI] getting INI configuration from development.ini
*** Starting uWSGI 0.9.8.4 (64bit) on [Thu Sep  8 11:26:20 2011] ***
compiled with version: 4.5.2 on 19 August 2011 12:16:25
writing pidfile to uwsgi.pid
your memory page size is 4096 bytes
probably another instance of uWSGI is running on the same address.
bind(): Address already in use [socket.c line 548]
[uWSGI] getting INI configuration from development.ini
*** Starting uWSGI 0.9.8.4 (64bit) on [Thu Sep  8 11:26:29 2011] ***
compiled with version: 4.5.2 on 19 August 2011 12:16:25
writing pidfile to uwsgi.pid
your memory page size is 4096 bytes
uwsgi socket 0 bound to TCP address 127.0.0.1:5000 fd 4
Python version: 2.7.1+ (r271:86832, Apr 11 2011, 18:37:12)  [GCC 4.5.2]
Set PythonHome to /home/wegrata/virtualenv/lr/
Python main interpreter initialized at 0x158e550
your server socket listen backlog is limited to 100 connections
*** Operational MODE: single process ***
Loading paste environment: config:/home/wegrata/src/LearningRegistry/LR/development.ini
WSGI application 0 (SCRIPT_NAME=) ready on interpreter 0x158e550 pid: 3353 (default app)
*** uWSGI is running in multiple interpreter mode ***
spawned uWSGI master process (pid: 3353)
spawned uWSGI worker 1 (pid: 3359, cores: 1)
ERROR:lr.controllers.harvest:got here
[pid: 3359|app: 0|req: 1/1] 127.0.0.1 () {32 vars in 460 bytes} [Thu Sep  8 11:26:36 2011] GET /harvest/listidentifiers => generated 562 bytes in 208 msecs (HTTP/1.1 200) 3 headers in 108 bytes (3 switches on core 0)
[uWSGI] getting INI configuration from development.ini
*** Starting uWSGI 0.9.8.4 (64bit) on [Thu Sep  8 11:27:05 2011] ***
compiled with version: 4.5.2 on 19 August 2011 12:16:25
writing pidfile to uwsgi.pid
your memory page size is 4096 bytes
uwsgi socket 0 bound to TCP address 127.0.0.1:5000 fd 4
Python version: 2.7.1+ (r271:86832, Apr 11 2011, 18:37:12)  [GCC 4.5.2]
Set PythonHome to /home/wegrata/virtualenv/lr/
Python main interpreter initialized at 0x1c4d550
your server socket listen backlog is limited to 100 connections
*** Operational MODE: single process ***
Loading paste environment: config:/home/wegrata/src/LearningRegistry/LR/development.ini
WSGI application 0 (SCRIPT_NAME=) ready on interpreter 0x1c4d550 pid: 3369 (default app)
*** uWSGI is running in multiple interpreter mode ***
spawned uWSGI master process (pid: 3369)
spawned uWSGI worker 1 (pid: 3375, cores: 1)
ERROR:lr.controllers.harvest:got here
[pid: 3375|app: 0|req: 1/1] 127.0.0.1 () {32 vars in 460 bytes} [Thu Sep  8 11:27:10 2011] GET /harvest/listidentifiers => generated 562 bytes in 265 msecs (HTTP/1.1 200) 3 headers in 108 bytes (3 switches on core 0)
[uWSGI] getting INI configuration from development.ini
*** Starting uWSGI 0.9.8.4 (64bit) on [Thu Sep  8 11:31:39 2011] ***
compiled with version: 4.5.2 on 19 August 2011 12:16:25
writing pidfile to uwsgi.pid
your memory page size is 4096 bytes
uwsgi socket 0 bound to TCP address 127.0.0.1:5000 fd 4
Python version: 2.7.1+ (r271:86832, Apr 11 2011, 18:37:12)  [GCC 4.5.2]
Set PythonHome to /home/wegrata/virtualenv/lr/
Python main interpreter initialized at 0x1153550
your server socket listen backlog is limited to 100 connections
*** Operational MODE: single process ***
Loading paste environment: config:/home/wegrata/src/LearningRegistry/LR/development.ini
WSGI application 0 (SCRIPT_NAME=) ready on interpreter 0x1153550 pid: 3393 (default app)
*** uWSGI is running in multiple interpreter mode ***
spawned uWSGI master process (pid: 3393)
spawned uWSGI worker 1 (pid: 3399, cores: 1)
ERROR:lr.controllers.harvest:got here
ERROR:lr.lib.harvest:{'startkey': '1990-10-10T12:12:12Z', 'stale': 'ok', 'endkey': '2011-09-08T15:31:46.838103Z', 'include_docs': False}
[pid: 3399|app: 0|req: 1/1] 127.0.0.1 () {32 vars in 460 bytes} [Thu Sep  8 11:31:46 2011] GET /harvest/listidentifiers => generated 562 bytes in 417 msecs (HTTP/1.1 200) 3 headers in 108 bytes (3 switches on core 0)
ERROR:lr.lib.harvest:{'startkey': '1990-10-10T12:12:12Z', 'stale': 'ok', 'endkey': '2011-09-08T15:32:11.349097Z', 'include_docs': True}
[pid: 3399|app: 0|req: 2/2] 127.0.0.1 () {32 vars in 452 bytes} [Thu Sep  8 11:32:11 2011] GET /harvest/listrecords => generated 1713828 bytes in 1689 msecs (HTTP/1.1 200) 3 headers in 108 bytes (201 switches on core 0)
[uWSGI] getting INI configuration from development.ini
*** Starting uWSGI 0.9.8.4 (64bit) on [Thu Sep  8 11:33:26 2011] ***
compiled with version: 4.5.2 on 19 August 2011 12:16:25
writing pidfile to uwsgi.pid
your memory page size is 4096 bytes
uwsgi socket 0 bound to TCP address 127.0.0.1:5000 fd 4
Python version: 2.7.1+ (r271:86832, Apr 11 2011, 18:37:12)  [GCC 4.5.2]
Set PythonHome to /home/wegrata/virtualenv/lr/
Python main interpreter initialized at 0x24f7550
your server socket listen backlog is limited to 100 connections
*** Operational MODE: single process ***
Loading paste environment: config:/home/wegrata/src/LearningRegistry/LR/development.ini
WSGI application 0 (SCRIPT_NAME=) ready on interpreter 0x24f7550 pid: 3416 (default app)
*** uWSGI is running in multiple interpreter mode ***
spawned uWSGI master process (pid: 3416)
spawned uWSGI worker 1 (pid: 3422, cores: 1)
ERROR:lr.controllers.harvest:got here
ERROR:lr.controllers.harvest:got here
ERROR:lr.controllers.harvest:got here
ERROR:lr.controllers.harvest:got here
ERROR:lr.controllers.harvest:got here
ERROR:lr.controllers.harvest:got here
ERROR:lr.controllers.harvest:got here
ERROR:lr.controllers.harvest:got here
ERROR:lr.controllers.harvest:got here
ERROR:lr.controllers.harvest:got here
ERROR:lr.controllers.harvest:got here
ERROR:lr.controllers.harvest:got here
ERROR:lr.controllers.harvest:got here
ERROR:lr.controllers.harvest:got here
ERROR:lr.controllers.harvest:got here
ERROR:lr.controllers.harvest:got here
ERROR:lr.controllers.harvest:got here
ERROR:lr.controllers.harvest:got here
ERROR:lr.controllers.harvest:got here
ERROR:lr.controllers.harvest:got here
ERROR:lr.controllers.harvest:got here
ERROR:lr.controllers.harvest:got here
ERROR:lr.controllers.harvest:got here
ERROR:lr.controllers.harvest:got here
ERROR:lr.controllers.harvest:got here
ERROR:lr.controllers.harvest:got here
ERROR:lr.controllers.harvest:got here
ERROR:lr.controllers.harvest:got here
ERROR:lr.controllers.harvest:got here
ERROR:lr.controllers.harvest:got here
ERROR:lr.controllers.harvest:got here
ERROR:lr.controllers.harvest:got here
ERROR:lr.controllers.harvest:got here
ERROR:lr.controllers.harvest:got here
ERROR:lr.controllers.harvest:got here
ERROR:lr.controllers.harvest:got here
ERROR:lr.controllers.harvest:got here
ERROR:lr.controllers.harvest:got here
ERROR:lr.controllers.harvest:got here
ERROR:lr.controllers.harvest:got here
ERROR:lr.controllers.harvest:got here
ERROR:lr.controllers.harvest:got here
ERROR:lr.controllers.harvest:got here
ERROR:lr.controllers.harvest:got here
ERROR:lr.controllers.harvest:got here
ERROR:lr.controllers.harvest:got here
ERROR:lr.controllers.harvest:got here
ERROR:lr.controllers.harvest:got here
ERROR:lr.controllers.harvest:got here
ERROR:lr.controllers.harvest:got here
ERROR:lr.controllers.harvest:got here
ERROR:lr.controllers.harvest:got here
ERROR:lr.controllers.harvest:got here
ERROR:lr.controllers.harvest:got here
ERROR:lr.controllers.harvest:got here
ERROR:lr.controllers.harvest:got here
ERROR:lr.controllers.harvest:got here
ERROR:lr.controllers.harvest:got here
ERROR:lr.controllers.harvest:got here
ERROR:lr.controllers.harvest:got here
ERROR:lr.controllers.harvest:got here
ERROR:lr.controllers.harvest:got here
ERROR:lr.controllers.harvest:got here
ERROR:lr.controllers.harvest:got here
ERROR:lr.controllers.harvest:got here
ERROR:lr.controllers.harvest:got here
ERROR:lr.controllers.harvest:got here
ERROR:lr.controllers.harvest:got here
ERROR:lr.controllers.harvest:got here
ERROR:lr.controllers.harvest:got here
ERROR:lr.controllers.harvest:got here
ERROR:lr.controllers.harvest:got here
ERROR:lr.controllers.harvest:got here
ERROR:lr.controllers.harvest:got here
ERROR:lr.controllers.harvest:got here
ERROR:lr.controllers.harvest:got here
ERROR:lr.controllers.harvest:got here
ERROR:lr.controllers.harvest:got here
ERROR:lr.controllers.harvest:got here
ERROR:lr.controllers.harvest:got here
ERROR:lr.controllers.harvest:got here
ERROR:lr.controllers.harvest:got here
ERROR:lr.controllers.harvest:got here
ERROR:lr.controllers.harvest:got here
ERROR:lr.controllers.harvest:got here
ERROR:lr.controllers.harvest:got here
ERROR:lr.controllers.harvest:got here
ERROR:lr.controllers.harvest:got here
ERROR:lr.controllers.harvest:got here
ERROR:lr.controllers.harvest:got here
ERROR:lr.controllers.harvest:got here
ERROR:lr.controllers.harvest:got here
ERROR:lr.controllers.harvest:got here
ERROR:lr.controllers.harvest:got here
ERROR:lr.controllers.harvest:got here
ERROR:lr.controllers.harvest:got here
ERROR:lr.controllers.harvest:got here
ERROR:lr.controllers.harvest:got here
ERROR:lr.controllers.harvest:got here
ERROR:lr.controllers.harvest:got here
[pid: 3422|app: 0|req: 1/1] 127.0.0.1 () {32 vars in 460 bytes} [Thu Sep  8 11:33:37 2011] GET /harvest/listidentifiers => generated 562 bytes in 486 msecs (HTTP/1.1 200) 3 headers in 108 bytes (3 switches on core 0)
[uWSGI] getting INI configuration from development.ini
*** Starting uWSGI 0.9.8.4 (64bit) on [Thu Sep  8 11:34:27 2011] ***
compiled with version: 4.5.2 on 19 August 2011 12:16:25
writing pidfile to uwsgi.pid
your memory page size is 4096 bytes
uwsgi socket 0 bound to TCP address 127.0.0.1:5000 fd 4
Python version: 2.7.1+ (r271:86832, Apr 11 2011, 18:37:12)  [GCC 4.5.2]
Set PythonHome to /home/wegrata/virtualenv/lr/
Python main interpreter initialized at 0x1b04550
your server socket listen backlog is limited to 100 connections
*** Operational MODE: single process ***
Loading paste environment: config:/home/wegrata/src/LearningRegistry/LR/development.ini
WSGI application 0 (SCRIPT_NAME=) ready on interpreter 0x1b04550 pid: 3436 (default app)
*** uWSGI is running in multiple interpreter mode ***
spawned uWSGI master process (pid: 3436)
spawned uWSGI worker 1 (pid: 3443, cores: 1)
Error - <type 'exceptions.IndentationError'>: unexpected indent (harvest.py, line 213)
URL: http://localhost//harvest/listidentifiers
File '/home/wegrata/virtualenv/lr/local/lib/python2.7/site-packages/weberror/errormiddleware.py', line 162 in __call__
  app_iter = self.application(environ, sr_checker)
File '/home/wegrata/virtualenv/lr/local/lib/python2.7/site-packages/beaker/middleware.py', line 152 in __call__
  return self.wrap_app(environ, session_start_response)
File '/home/wegrata/virtualenv/lr/local/lib/python2.7/site-packages/routes/middleware.py', line 131 in __call__
  response = self.app(environ, start_response)
File '/home/wegrata/virtualenv/lr/local/lib/python2.7/site-packages/pylons/wsgiapp.py', line 106 in __call__
  controller = self.resolve(environ, start_response)
File '/home/wegrata/virtualenv/lr/local/lib/python2.7/site-packages/pylons/wsgiapp.py', line 239 in resolve
  return self.find_controller(controller)
File '/home/wegrata/virtualenv/lr/local/lib/python2.7/site-packages/pylons/wsgiapp.py', line 272 in find_controller
  __import__(full_module_name)
IndentationError: unexpected indent (harvest.py, line 213)


CGI Variables
-------------
  CONTENT_TYPE: '; charset="utf-8"'
  DOCUMENT_ROOT: '/usr/local/nginx/html'
  HTTP_ACCEPT: '*/*'
  HTTP_HOST: 'localhost'
  HTTP_USER_AGENT: 'curl/7.21.3 (x86_64-pc-linux-gnu) libcurl/7.21.3 OpenSSL/0.9.8o zlib/1.2.3.4 libidn/1.18'
  PATH_INFO: '/harvest/listidentifiers'
  REMOTE_ADDR: '127.0.0.1'
  REMOTE_PORT: '43795'
  REQUEST_METHOD: 'GET'
  REQUEST_URI: '/harvest/listidentifiers'
  SCRIPT_NAME: '/'
  SERVER_NAME: 'localhost'
  SERVER_PORT: '80'
  SERVER_PROTOCOL: 'HTTP/1.1'


WSGI Variables
--------------
  application: <beaker.middleware.SessionMiddleware object at 0x27efbd0>
  beaker.get_session: <bound method SessionMiddleware._get_session of <beaker.middleware.SessionMiddleware object at 0x27efbd0>>
  beaker.session: Cannot display: type object got multiple values for keyword argument 'use_cookies'
  paste.registry: <paste.registry.Registry object at 0x7f9161140790>
  paste.throw_errors: True
  pylons.environ_config: {'session': 'beaker.session', 'cache': 'beaker.cache'}
  pylons.pylons: <pylons.util.PylonsContext object at 0x2803450>
  pylons.routes_dict: {'action': u'show', 'controller': u'harvest', 'id': u'listidentifiers'}
  routes.route: <routes.route.Route object at 0x27e22d0>
  routes.url: <routes.util.URLGenerator object at 0x2803310>
  uwsgi.node: 'ubuntu'
  uwsgi.version: '0.9.8.4'
  webob.adhoc_attrs: {'language': 'en-us'}
  wsgi process: 'Non-concurrent server'
  wsgi.file_wrapper: <built-in function uwsgi_sendfile>
  wsgiorg.routing_args: (<routes.util.URLGenerator object at 0x2803310>, {'action': u'show', 'controller': u'harvest', 'id': u'listidentifiers'})
------------------------------------------------------------
[pid: 3443|app: 0|req: 1/1] 127.0.0.1 () {32 vars in 460 bytes} [Thu Sep  8 11:34:33 2011] GET /harvest/listidentifiers => generated 815 bytes in 146 msecs (HTTP/1.1 500) 4 headers in 148 bytes (1 switches on core 0)
[uWSGI] getting INI configuration from development.ini
*** Starting uWSGI 0.9.8.4 (64bit) on [Thu Sep  8 11:35:31 2011] ***
compiled with version: 4.5.2 on 19 August 2011 12:16:25
writing pidfile to uwsgi.pid
your memory page size is 4096 bytes
uwsgi socket 0 bound to TCP address 127.0.0.1:5000 fd 4
Python version: 2.7.1+ (r271:86832, Apr 11 2011, 18:37:12)  [GCC 4.5.2]
Set PythonHome to /home/wegrata/virtualenv/lr/
Python main interpreter initialized at 0x1269550
your server socket listen backlog is limited to 100 connections
*** Operational MODE: single process ***
Loading paste environment: config:/home/wegrata/src/LearningRegistry/LR/development.ini
WSGI application 0 (SCRIPT_NAME=) ready on interpreter 0x1269550 pid: 3455 (default app)
*** uWSGI is running in multiple interpreter mode ***
spawned uWSGI master process (pid: 3455)
spawned uWSGI worker 1 (pid: 3461, cores: 1)
ERROR:lr.controllers.harvest:{"header": {"datestamp": "2011-09-08T11:35:36.813294Z", "status": "active", "identifier": "eda6ca3a006f49958717651930712574"}}
[pid: 3461|app: 0|req: 1/1] 127.0.0.1 () {32 vars in 460 bytes} [Thu Sep  8 11:35:36 2011] GET /harvest/listidentifiers => generated 562 bytes in 284 msecs (HTTP/1.1 200) 3 headers in 108 bytes (3 switches on core 0)
[uWSGI] getting INI configuration from development.ini
*** Starting uWSGI 0.9.8.4 (64bit) on [Thu Sep  8 11:37:38 2011] ***
compiled with version: 4.5.2 on 19 August 2011 12:16:25
writing pidfile to uwsgi.pid
your memory page size is 4096 bytes
uwsgi socket 0 bound to TCP address 127.0.0.1:5000 fd 4
Python version: 2.7.1+ (r271:86832, Apr 11 2011, 18:37:12)  [GCC 4.5.2]
Set PythonHome to /home/wegrata/virtualenv/lr/
Python main interpreter initialized at 0xa83550
your server socket listen backlog is limited to 100 connections
*** Operational MODE: single process ***
Loading paste environment: config:/home/wegrata/src/LearningRegistry/LR/development.ini
WSGI application 0 (SCRIPT_NAME=) ready on interpreter 0xa83550 pid: 3472 (default app)
*** uWSGI is running in multiple interpreter mode ***
spawned uWSGI master process (pid: 3472)
spawned uWSGI worker 1 (pid: 3478, cores: 1)
ERROR:lr.lib.helpers:http://127.0.0.1:5984/resource_data/_design/learningregistry-by-date/_view/docs?startkey=%221990-10-10T12%3A12%3A12Z%22&endkey=%222011-09-08T15%3A37%3A42.093306Z%22&limit=100&stale=ok&include_docs=false
ERROR:lr.controllers.harvest:{"header": {"datestamp": "2011-09-08T11:37:42.152449Z", "status": "active", "identifier": "eda6ca3a006f49958717651930712574"}}
[pid: 3478|app: 0|req: 1/1] 127.0.0.1 () {32 vars in 460 bytes} [Thu Sep  8 11:37:41 2011] GET /harvest/listidentifiers => generated 562 bytes in 255 msecs (HTTP/1.1 200) 3 headers in 108 bytes (3 switches on core 0)
[uWSGI] getting INI configuration from development.ini
*** Starting uWSGI 0.9.8.4 (64bit) on [Thu Sep  8 16:28:45 2011] ***
compiled with version: 4.5.2 on 19 August 2011 12:16:25
writing pidfile to uwsgi.pid
your memory page size is 4096 bytes
uwsgi socket 0 bound to TCP address 127.0.0.1:5000 fd 4
Python version: 2.7.1+ (r271:86832, Apr 11 2011, 18:37:12)  [GCC 4.5.2]
Set PythonHome to /home/wegrata/virtualenv/lr/
Python main interpreter initialized at 0x933550
your server socket listen backlog is limited to 100 connections
*** Operational MODE: single process ***
Loading paste environment: config:/home/wegrata/src/LearningRegistry/LR/development.ini
WSGI application 0 (SCRIPT_NAME=) ready on interpreter 0x933550 pid: 2835 (default app)
*** uWSGI is running in multiple interpreter mode ***
spawned uWSGI master process (pid: 2835)
spawned uWSGI worker 1 (pid: 2842, cores: 1)
[pid: 2842|app: 0|req: 1/1] 127.0.0.1 () {36 vars in 507 bytes} [Thu Sep  8 16:28:52 2011] POST /obtain => generated 77 bytes in 325 msecs (HTTP/1.1 500) 4 headers in 147 bytes (1 switches on core 0)
[pid: 2842|app: 0|req: 2/2] 127.0.0.1 () {32 vars in 457 bytes} [Thu Sep  8 16:29:57 2011] GET /obtain?by_doc_ID=false => generated 77 bytes in 3 msecs (HTTP/1.1 500) 4 headers in 147 bytes (1 switches on core 0)
ERROR:lr.lib.helpers:http://127.0.0.1:5984/resource_data/_design/learningregistry-resource-location/_view/docs?stale=ok&limit=100&include_docs=true
SIGPIPE: writing to a closed pipe/socket/fd (probably the client disconnected) on request /obtain (ip 127.0.0.1) !!!
write(): Broken pipe [plugins/python/wsgi_subhandler.c line 193]
[pid: 2842|app: 0|req: 3/3] 127.0.0.1 () {32 vars in 426 bytes} [Thu Sep  8 16:30:06 2011] GET /obtain => generated 195211 bytes in 3628 msecs (HTTP/1.1 200) 3 headers in 108 bytes (32 switches on core 0)
