#
# A fatal error has been detected by the Java Runtime Environment:
#
#  EXCEPTION_ACCESS_VIOLATION (0xc0000005) at pc=0x000000006da5c03b, pid=1068, tid=6368
#
# JRE version: 6.0_24-b07
# Java VM: Java HotSpot(TM) 64-Bit Server VM (19.1-b02 mixed mode windows-amd64 compressed oops)
# Problematic frame:
# V  [jvm.dll+0x26c03b]
#
# If you would like to submit a bug report, please visit:
#   http://java.sun.com/webapps/bugreport/crash.jsp
#

---------------  T H R E A D  ---------------

Current thread (0x0000000006e0a800):  JavaThread "JDWP Transport Listener: dt_socket" daemon [_thread_in_vm, id=6368, stack(0x0000000007cf0000,0x0000000007df0000)]

siginfo: ExceptionCode=0xc0000005, reading address 0x0000003b72003b72

Registers:
RAX=0x0000000007def901, RBX=0x0000000006e0a800, RCX=0x0000003b72003b72, RDX=0x0000000006e0a800
RSP=0x0000000007def960, RBP=0x0000003b72003b72, RSI=0x0000000007defa40, RDI=0x00000000009995f0
R8=0x0000000007defa40, R9=0x0000000000000001, R10=0x0000000000000000, R11=0x0000000006d7c7ff
R12=0x0000000000000001, R13=0x0000000000000000, R14=0x0000000000000000, R15=0x0000000000000000
RIP=0x000000006da5c03b, EFLAGS=0x0000000000010206

Register to memory mapping:

RAX=0x0000000007def901
0x0000000007def901 is pointing into the stack for thread: 0x0000000006e0a800
"JDWP Transport Listener: dt_socket" daemon prio=6 tid=0x0000000006e0a800 nid=0x18e0 runnable [0x0000000000000000]
   java.lang.Thread.State: RUNNABLE

RBX=0x0000000006e0a800
"JDWP Transport Listener: dt_socket" daemon prio=6 tid=0x0000000006e0a800 nid=0x18e0 runnable [0x0000000000000000]
   java.lang.Thread.State: RUNNABLE

RCX=0x0000003b72003b72
0x0000003b72003b72 is pointing to unknown location

RDX=0x0000000006e0a800
"JDWP Transport Listener: dt_socket" daemon prio=6 tid=0x0000000006e0a800 nid=0x18e0 runnable [0x0000000000000000]
   java.lang.Thread.State: RUNNABLE

RSP=0x0000000007def960
0x0000000007def960 is pointing into the stack for thread: 0x0000000006e0a800
"JDWP Transport Listener: dt_socket" daemon prio=6 tid=0x0000000006e0a800 nid=0x18e0 runnable [0x0000000000000000]
   java.lang.Thread.State: RUNNABLE

RBP=0x0000003b72003b72
0x0000003b72003b72 is pointing to unknown location

RSI=0x0000000007defa40
0x0000000007defa40 is pointing into the stack for thread: 0x0000000006e0a800
"JDWP Transport Listener: dt_socket" daemon prio=6 tid=0x0000000006e0a800 nid=0x18e0 runnable [0x0000000000000000]
   java.lang.Thread.State: RUNNABLE

RDI=0x00000000009995f0
0x00000000009995f0 is pointing to unknown location

R8 =0x0000000007defa40
0x0000000007defa40 is pointing into the stack for thread: 0x0000000006e0a800
"JDWP Transport Listener: dt_socket" daemon prio=6 tid=0x0000000006e0a800 nid=0x18e0 runnable [0x0000000000000000]
   java.lang.Thread.State: RUNNABLE

R9 =0x0000000000000001
0x0000000000000001 is pointing to unknown location

R10=0x0000000000000000
0x0000000000000000 is pointing to unknown location

R11=0x0000000006d7c7ff
0x0000000006d7c7ff is pointing to unknown location

R12=0x0000000000000001
0x0000000000000001 is pointing to unknown location

R13=0x0000000000000000
0x0000000000000000 is pointing to unknown location

R14=0x0000000000000000
0x0000000000000000 is pointing to unknown location

R15=0x0000000000000000
0x0000000000000000 is pointing to unknown location


Top of Stack: (sp=0x0000000007def960)
0x0000000007def960:   0000000000000000 000000006d4454d3
0x0000000007def970:   0000000007defb70 000000006da91c15
0x0000000007def980:   0000000006e0a800 000000006dab08da
0x0000000007def990:   0000000000000000 0000000006e0a800
0x0000000007def9a0:   0000000007defa40 000000006d440d69
0x0000000007def9b0:   0000000006e0a800 0000000000000000
0x0000000007def9c0:   0000000000000000 0000000000000000
0x0000000007def9d0:   0000000000000001 000000006d43ff6e
0x0000000007def9e0:   0000000007defa40 00000000088f5888
0x0000000007def9f0:   0000000000000001 0000003b72003b72
0x0000000007defa00:   0000000000000001 0000003b72003b72
0x0000000007defa10:   0000000007defb70 000000006d424f64
0x0000000007defa20:   0000000007defb70 382bda0609000000
0x0000000007defa30:   0000000006f66560 0000000000000000
0x0000000007defa40:   0000000907defb00 0000000000000000
0x0000000007defa50:   0000000000000000 0000000000000000 

Instructions: (pc=0x000000006da5c03b)
0x000000006da5c02b:   cc cc cc cc cc 48 53 48 83 ec 20 48 85 c9 74 55
0x000000006da5c03b:   48 8b 19 48 85 db 74 4d 48 b8 fe fe fe fe fe fe 


Stack: [0x0000000007cf0000,0x0000000007df0000],  sp=0x0000000007def960,  free space=1022k
Native frames: (J=compiled Java code, j=interpreted, Vv=VM code, C=native code)
V  [jvm.dll+0x26c03b]


---------------  P R O C E S S  ---------------

Java Threads: ( => current thread )
  0x0000000006e34000 JavaThread "Low Memory Detector" daemon [_thread_blocked, id=7332, stack(0x0000000008490000,0x0000000008590000)]
  0x0000000006e30000 JavaThread "CompilerThread1" daemon [_thread_blocked, id=6628, stack(0x0000000008390000,0x0000000008490000)]
  0x0000000006e2e000 JavaThread "CompilerThread0" daemon [_thread_blocked, id=6560, stack(0x0000000008290000,0x0000000008390000)]
  0x0000000006e1d800 JavaThread "JDWP Command Reader" daemon [_thread_in_native, id=3204, stack(0x0000000008190000,0x0000000008290000)]
  0x0000000006e11000 JavaThread "JDWP Event Helper Thread" daemon [_thread_blocked, id=976, stack(0x0000000008090000,0x0000000008190000)]
=>0x0000000006e0a800 JavaThread "JDWP Transport Listener: dt_socket" daemon [_thread_in_vm, id=6368, stack(0x0000000007cf0000,0x0000000007df0000)]
  0x0000000006dfe800 JavaThread "Attach Listener" daemon [_thread_blocked, id=7172, stack(0x0000000007bf0000,0x0000000007cf0000)]
  0x0000000006dfd800 JavaThread "Signal Dispatcher" daemon [_thread_blocked, id=2412, stack(0x0000000007af0000,0x0000000007bf0000)]
  0x0000000006dad000 JavaThread "Finalizer" daemon [_thread_blocked, id=5900, stack(0x00000000079f0000,0x0000000007af0000)]
  0x0000000006da7000 JavaThread "Reference Handler" daemon [_thread_blocked, id=8148, stack(0x00000000078f0000,0x00000000079f0000)]
  0x000000000099c800 JavaThread "main" [_thread_blocked, id=7032, stack(0x0000000002c00000,0x0000000002d00000)]

Other Threads:
  0x0000000006d9d800 VMThread [stack: 0x00000000077f0000,0x00000000078f0000] [id=8120]
  0x0000000006e50000 WatcherThread [stack: 0x0000000008590000,0x0000000008690000] [id=7660]

VM state:not at safepoint (normal execution)

VM Mutex/Monitor currently owned by a thread: None

Heap
 PSYoungGen      total 37888K, used 7916K [0x00000007d5b60000, 0x00000007d85a0000, 0x0000000800000000)
  eden space 32512K, 24% used [0x00000007d5b60000,0x00000007d631b130,0x00000007d7b20000)
  from space 5376K, 0% used [0x00000007d8060000,0x00000007d8060000,0x00000007d85a0000)
  to   space 5376K, 0% used [0x00000007d7b20000,0x00000007d7b20000,0x00000007d8060000)
 PSOldGen        total 86592K, used 0K [0x0000000781200000, 0x0000000786690000, 0x00000007d5b60000)
  object space 86592K, 0% used [0x0000000781200000,0x0000000781200000,0x0000000786690000)
 PSPermGen       total 21248K, used 6728K [0x000000077c000000, 0x000000077d4c0000, 0x0000000781200000)
  object space 21248K, 31% used [0x000000077c000000,0x000000077c6922c8,0x000000077d4c0000)

Dynamic libraries:
0x0000000000400000 - 0x000000000042e000 	C:\Program Files\Java\jre6\bin\javaw.exe
0x0000000077b80000 - 0x0000000077d06000 	C:\Windows\system32\ntdll.dll
0x0000000077840000 - 0x000000007796d000 	C:\Windows\system32\kernel32.dll
0x000007feff730000 - 0x000007feff838000 	C:\Windows\system32\ADVAPI32.dll
0x000007feffbc0000 - 0x000007feffd03000 	C:\Windows\system32\RPCRT4.dll
0x00000000774c0000 - 0x000000007758d000 	C:\Windows\system32\USER32.dll
0x000007feff840000 - 0x000007feff8a4000 	C:\Windows\system32\GDI32.dll
0x000007fefe5b0000 - 0x000007fefe5dd000 	C:\Windows\system32\IMM32.DLL
0x000007feff970000 - 0x000007feffa72000 	C:\Windows\system32\MSCTF.dll
0x000007feffa80000 - 0x000007feffb1c000 	C:\Windows\system32\msvcrt.dll
0x000007feffb20000 - 0x000007feffb2d000 	C:\Windows\system32\LPK.DLL
0x000007feff8d0000 - 0x000007feff96a000 	C:\Windows\system32\USP10.dll
0x000000006d7f0000 - 0x000000006def4000 	C:\Program Files\Java\jre6\bin\server\jvm.dll
0x000007fefcff0000 - 0x000007fefd029000 	C:\Windows\system32\WINMM.dll
0x000007feff4d0000 - 0x000007feff6a8000 	C:\Windows\system32\ole32.dll
0x000007feffdc0000 - 0x000007feffe93000 	C:\Windows\system32\OLEAUT32.dll
0x0000000075800000 - 0x0000000075852000 	C:\Windows\system32\OLEACC.dll
0x000000006d760000 - 0x000000006d76e000 	C:\Program Files\Java\jre6\bin\verify.dll
0x000000006d3b0000 - 0x000000006d3d7000 	C:\Program Files\Java\jre6\bin\java.dll
0x000000006d310000 - 0x000000006d31a000 	C:\Program Files\Java\jre6\bin\hpi.dll
0x0000000077d20000 - 0x0000000077d29000 	C:\Windows\system32\PSAPI.DLL
0x000000006d420000 - 0x000000006d454000 	C:\Program Files\Java\jre6\bin\jdwp.dll
0x000000006d630000 - 0x000000006d638000 	C:\Program Files\Java\jre6\bin\npt.dll
0x000000006d7b0000 - 0x000000006d7c2000 	C:\Program Files\Java\jre6\bin\zip.dll
0x000000006d270000 - 0x000000006d279000 	C:\Program Files\Java\jre6\bin\dt_socket.dll
0x000007feffd10000 - 0x000007feffd54000 	C:\Windows\system32\WS2_32.dll
0x000007feff4c0000 - 0x000007feff4c7000 	C:\Windows\system32\NSI.dll
0x000007fefccf0000 - 0x000007fefcd03000 	C:\Windows\system32\NLAapi.dll
0x000007fefdc20000 - 0x000007fefdc43000 	C:\Windows\system32\IPHLPAPI.DLL
0x000007fefdbd0000 - 0x000007fefdc15000 	C:\Windows\system32\dhcpcsvc.DLL
0x000007fefdef0000 - 0x000007fefdf2a000 	C:\Windows\system32\DNSAPI.dll
0x000007fefe400000 - 0x000007fefe41c000 	C:\Windows\system32\Secur32.dll
0x000007fefdbc0000 - 0x000007fefdbca000 	C:\Windows\system32\WINNSI.DLL
0x000007fefdb90000 - 0x000007fefdbbb000 	C:\Windows\system32\dhcpcsvc6.DLL
0x000007fef9240000 - 0x000007fef9253000 	C:\Windows\system32\napinsp.dll
0x000007fef9220000 - 0x000007fef9237000 	C:\Windows\system32\pnrpnsp.dll
0x000007fefd980000 - 0x000007fefd9cf000 	C:\Windows\System32\mswsock.dll
0x000007fef9f90000 - 0x000007fef9f9b000 	C:\Windows\System32\winrnr.dll
0x000007feffd60000 - 0x000007feffdb5000 	C:\Windows\system32\WLDAP32.dll
0x000007fefa410000 - 0x000007fefa418000 	C:\Windows\system32\rasadhlp.dll
0x000007fefd5c0000 - 0x000007fefd5c7000 	C:\Windows\System32\wshtcpip.dll
0x000000006d600000 - 0x000000006d617000 	C:\Program Files\Java\jre6\bin\net.dll
0x000007fefda00000 - 0x000007fefda07000 	C:\Windows\System32\wship6.dll

VM Arguments:
jvm_args: -agentlib:jdwp=transport=dt_socket,suspend=y,address=localhost:58299 -Dfile.encoding=Cp1252 
java_command: RIMLiteDataPump
Launcher Type: SUN_STANDARD

Environment Variables:
JAVA_HOME=C:\Program Files\java\jdk1.6.0_24
CLASSPATH=.;C:\Program Files (x86)\QuickTime\QTSystem\QTJava.zip
PATH=C:\Program Files (x86)\ActiveState Komodo Edit 6\;C:\Windows\system32;C:\Windows;C:\Windows\System32\Wbem;C:\Program Files\Dell\DW WLAN Card;C:\Windows\System32\WindowsPowerShell\v1.0\;C:\Program Files\TortoiseSVN\bin;c:\Program Files (x86)\Microsoft SQL Server\100\Tools\Binn\;c:\Program Files\Microsoft SQL Server\100\Tools\Binn\;c:\Program Files\Microsoft SQL Server\100\DTS\Binn\;C:\Program Files (x86)\MySQL\MySQL Server 5.5\bin;C:\Program Files (x86)\QuickTime\QTSystem\;c:\Program Files (x86)\Microsoft ASP.NET\ASP.NET Web Pages\v1.0\;C:\Program Files (x86)\Git\cmd;C:\Program Files (x86)\apps-sdk;C:\Program Files (x86)\GNU\GnuPG\pub;C:\Program Files (x86)\GnuWin32\bin\;C:\Program Files (x86)\Mozilla Firefox\;C:\Python27;C:\Users\gratat\Downloads\selenium-remote-control-1.0.3\selenium-dotnet-client-driver-1.0.1;C:\Ruby186\bin;C:\Program Files\Java\jdk1.6.0_24\bin\;
USERNAME=gratat
OS=Windows_NT
PROCESSOR_IDENTIFIER=Intel64 Family 6 Model 30 Stepping 5, GenuineIntel



---------------  S Y S T E M  ---------------

OS: Windows Vista Build 6002 Service Pack 2

CPU:total 8 (4 cores per cpu, 2 threads per core) family 6 model 30 stepping 5, cmov, cx8, fxsr, mmx, sse, sse2, sse3, ssse3, sse4.1, sse4.2, popcnt, ht

Memory: 4k page, physical 8310028k(4090476k free), swap 16820288k(11882200k free)

vm_info: Java HotSpot(TM) 64-Bit Server VM (19.1-b02) for windows-amd64 JRE (1.6.0_24-b07), built on Feb  2 2011 16:25:45 by "java_re" with MS VC++ 8.0 (VS2005)

time: Wed Jun 01 15:21:30 2011
elapsed time: 700 seconds

